<?xml version="1.0" encoding="UTF-8"?>
<testsuites name="jest tests" tests="5" failures="0" errors="0" time="1.044">
  <testsuite name="undefined" errors="0" failures="0" skipped="0" timestamp="2025-10-01T12:18:08" time="0.921" tests="5">
    <testcase classname=" initial task list is empty" name=" initial task list is empty" time="0.008">
    </testcase>
    <testcase classname="addTask ajoute une t창che avec un nom valide" name="addTask ajoute une t창che avec un nom valide" time="0.003">
    </testcase>
    <testcase classname="addTask trim le nom de la t창che" name="addTask trim le nom de la t창che" time="0">
    </testcase>
    <testcase classname="addTask rejette un nom vide" name="addTask rejette un nom vide" time="0.019">
    </testcase>
    <testcase classname="addTask rejette un nom avec uniquement des espaces" name="addTask rejette un nom avec uniquement des espaces" time="0.034">
    </testcase>
  </testsuite>
</testsuites>